
Job information
#-------------------------------------------------------------------
SLURM_SUBMIT_HOST    gl-login1.arc-ts.umich.edu
SLURM_JOB_ACCOUNT    eecs598w23_class
SLURM_JOB_PARTITION  gpu
SLURM_JOB_NAME       AdvPTQ
SLURM_JOBID          51041359
SLURM_NODELIST       gl1016
SLURM_JOB_NUM_NODES  1
SLURM_NTASKS         
SLURM_TASKS_PER_NODE 1
SLURM_CPUS_PER_TASK  8
SLURM_NPROCS         
SLURM_MEM_PER_CPU    
GPU_DEVICE_ORDINAL   0
GPU 0: Tesla V100-PCIE-16GB (UUID: GPU-cc22cd04-3842-7fac-97a2-54fefc84c46d)
SLURM_SUBMIT_DIR     /home/zhtianyu/AdversarialPTQ

scheduling priority             (-e) 0
pending signals                 (-i) 766930
max memory size         (kbytes, -m) 16777216
open files                      (-n) 131072
pipe size            (512 bytes, -p) 8
POSIX message queues     (bytes, -q) 819200
real-time priority              (-r) 0
max user processes              (-u) 766930

Running on gl1016.arc-ts.umich.edu at Sun Apr  9 15:19:04 EDT 2023

Currently Loaded Modules:
  1) python3.9-anaconda/2021.11   2) cuda/11.3.0

Your job output begins below the line
#-------------------------------------------------------------------
python eecs598_qat.py     --seed 225     --dataset cifar10     --datnorm     --network ResNet18     --trained=/gpfs/accounts/eecs598w23_class_root/eecs598w23_class/shared_data/zhtianyu/models/cifar10/train/ResNet18_norm_128_200_Adam-Multi.pth     --classes 10     --batch-size 128     --epoch 10     --optimizer Adam     --lr 0.0001     --momentum 0.9     --numbit 8     --w-qmode per_channel_symmetric     --a-qmode per_layer_asymmetric     --lratio 0.25     --margin 5.0     --step 50     --gamma 0.1 \ 
    --numrun 1 \ 
    --att-type PGD     --att-tar untar     --att-step-size 0.05     --att-num-steps 10     --att-epsilon 0.031
{
  "system": {
    "seed": 225,
    "cuda": true,
    "num-workers": 4,
    "pin-memory": true
  },
  "model": {
    "dataset": "cifar10",
    "datnorm": true,
    "network": "ResNet18",
    "trained": "/gpfs/accounts/eecs598w23_class_root/eecs598w23_class/shared_data/zhtianyu/models/cifar10/train/ResNet18_norm_128_200_Adam-Multi.pth",
    "lossfunc": "cross-entropy",
    "optimizer": "Adam",
    "classes": 10,
    "w-qmode": "per_channel_symmetric",
    "a-qmode": "per_layer_asymmetric"
  },
  "params": {
    "batch-size": 128,
    "epoch": 10,
    "lr": 0.0001,
    "momentum": 0.9,
    "step": 50,
    "gamma": 0.1
  },
  "attack": {
    "numbit": 8,
    "lratio": 0.25,
    "margin": 5.0,
    "numrun": 1
  },
  "adv_attack": {
    "type": "PGD",
    "tar": "untar",
    "kwargs": {
      "step_size": 0.05,
      "num_steps": 10,
      "epsilon": 0.031
    }
  },
  "qat": true
}
Files already downloaded and verified
Files already downloaded and verified
 : load the dataset - cifar10 (norm: True)
 : load network - ResNet18
 : load loss - cross-entropy / optim - Adam
 : set the store locations
  - model : models/cifar10/eecs598_qat/ResNet18_norm_128_200_Adam-Multi
  - result: results/cifar10/eecs598_qat/ResNet18_norm_128_200_Adam-Multi
 : store logs to [results/cifar10/eecs598_qat/ResNet18_norm_128_200_Adam-Multi/attack_8_0.25_5.0_wpcs_apla-optimize_10_Adam_0.0001.1.csv]
 : [epoch:Base][quantization parameter update] [loss: 0.026]
------------------- Evaluate on PTQ ---------------------
 : [epoch:PTQ][valid] [acc: 21.45% / loss: 6.774]
 : [CLEAN][valid] [acc: 93.51% / loss: 0.253] - [w: per_channel_symmetric, a: per_layer_asymmetric / bits: 8]
 : [FP-ADV][valid] [acc: 17.60% / loss: 7.499] - [w: per_channel_symmetric, a: per_layer_asymmetric / bits: 8]
 : [QUANT-ADV][valid] [acc: 18.69% / loss: 7.115] - [w: per_channel_symmetric, a: per_layer_asymmetric / bits: 8]
 : [CLEAN][valid] [acc: 93.37% / loss: 0.265] - [w: per_channel_symmetric, a: per_layer_asymmetric / bits: 6]
 : [FP-ADV][valid] [acc: 23.87% / loss: 6.132] - [w: per_channel_symmetric, a: per_layer_asymmetric / bits: 6]
 : [QUANT-ADV][valid] [acc: 21.81% / loss: 6.525] - [w: per_channel_symmetric, a: per_layer_asymmetric / bits: 6]
 : [CLEAN][valid] [acc: 89.04% / loss: 0.445] - [w: per_channel_symmetric, a: per_layer_asymmetric / bits: 4]
 : [FP-ADV][valid] [acc: 44.53% / loss: 3.505] - [w: per_channel_symmetric, a: per_layer_asymmetric / bits: 4]
 : [QUANT-ADV][valid] [acc: 22.39% / loss: 6.312] - [w: per_channel_symmetric, a: per_layer_asymmetric / bits: 4]
------------------- QAT ---------------------
 : [epoch:1][train] [loss: 0.031]
 : [epoch:Base][quantization parameter update] [loss: 0.019]
 : [epoch:1][valid] [acc: 93.46% / loss: 0.265]
 : [CLEAN][valid] [acc: 93.41% / loss: 0.264] - [w: per_channel_symmetric, a: per_layer_asymmetric / bits: 8]
 : [CLEAN][valid] [acc: 93.35% / loss: 0.271] - [w: per_channel_symmetric, a: per_layer_asymmetric / bits: 6]
 : [CLEAN][valid] [acc: 89.31% / loss: 0.444] - [w: per_channel_symmetric, a: per_layer_asymmetric / bits: 4]
 : [epoch:2][train] [loss: 0.026]
 : [epoch:Base][quantization parameter update] [loss: 0.016]
 : [epoch:2][valid] [acc: 93.64% / loss: 0.269]
 : [CLEAN][valid] [acc: 93.50% / loss: 0.268] - [w: per_channel_symmetric, a: per_layer_asymmetric / bits: 8]
 : [CLEAN][valid] [acc: 93.49% / loss: 0.277] - [w: per_channel_symmetric, a: per_layer_asymmetric / bits: 6]
 : [CLEAN][valid] [acc: 89.67% / loss: 0.454] - [w: per_channel_symmetric, a: per_layer_asymmetric / bits: 4]
 : [epoch:3][train] [loss: 0.021]
 : [epoch:Base][quantization parameter update] [loss: 0.014]
 : [epoch:3][valid] [acc: 93.80% / loss: 0.272]
 : [CLEAN][valid] [acc: 93.81% / loss: 0.271] - [w: per_channel_symmetric, a: per_layer_asymmetric / bits: 8]
 : [CLEAN][valid] [acc: 93.54% / loss: 0.281] - [w: per_channel_symmetric, a: per_layer_asymmetric / bits: 6]
 : [CLEAN][valid] [acc: 89.50% / loss: 0.470] - [w: per_channel_symmetric, a: per_layer_asymmetric / bits: 4]
 : [epoch:4][train] [loss: 0.018]
 : [epoch:Base][quantization parameter update] [loss: 0.012]
 : [epoch:4][valid] [acc: 93.61% / loss: 0.276]
 : [CLEAN][valid] [acc: 93.61% / loss: 0.275] - [w: per_channel_symmetric, a: per_layer_asymmetric / bits: 8]
 : [CLEAN][valid] [acc: 93.27% / loss: 0.287] - [w: per_channel_symmetric, a: per_layer_asymmetric / bits: 6]
 : [CLEAN][valid] [acc: 89.70% / loss: 0.473] - [w: per_channel_symmetric, a: per_layer_asymmetric / bits: 4]
 : [epoch:5][train] [loss: 0.017]
 : [epoch:Base][quantization parameter update] [loss: 0.010]
 : [epoch:5][valid] [acc: 93.61% / loss: 0.278]
 : [CLEAN][valid] [acc: 93.60% / loss: 0.277] - [w: per_channel_symmetric, a: per_layer_asymmetric / bits: 8]
 : [CLEAN][valid] [acc: 93.47% / loss: 0.285] - [w: per_channel_symmetric, a: per_layer_asymmetric / bits: 6]
 : [CLEAN][valid] [acc: 89.51% / loss: 0.477] - [w: per_channel_symmetric, a: per_layer_asymmetric / bits: 4]
 : [epoch:6][train] [loss: 0.015]
 : [epoch:Base][quantization parameter update] [loss: 0.010]
 : [epoch:6][valid] [acc: 93.89% / loss: 0.278]
 : [CLEAN][valid] [acc: 93.91% / loss: 0.277] - [w: per_channel_symmetric, a: per_layer_asymmetric / bits: 8]
 : [CLEAN][valid] [acc: 93.59% / loss: 0.285] - [w: per_channel_symmetric, a: per_layer_asymmetric / bits: 6]
 : [CLEAN][valid] [acc: 88.87% / loss: 0.517] - [w: per_channel_symmetric, a: per_layer_asymmetric / bits: 4]
 : [epoch:7][train] [loss: 0.014]
 : [epoch:Base][quantization parameter update] [loss: 0.009]
 : [epoch:7][valid] [acc: 93.80% / loss: 0.284]
 : [CLEAN][valid] [acc: 93.78% / loss: 0.282] - [w: per_channel_symmetric, a: per_layer_asymmetric / bits: 8]
 : [CLEAN][valid] [acc: 93.52% / loss: 0.291] - [w: per_channel_symmetric, a: per_layer_asymmetric / bits: 6]
 : [CLEAN][valid] [acc: 89.58% / loss: 0.488] - [w: per_channel_symmetric, a: per_layer_asymmetric / bits: 4]
 : [epoch:8][train] [loss: 0.013]
 : [epoch:Base][quantization parameter update] [loss: 0.007]
 : [epoch:8][valid] [acc: 93.91% / loss: 0.288]
 : [CLEAN][valid] [acc: 93.92% / loss: 0.287] - [w: per_channel_symmetric, a: per_layer_asymmetric / bits: 8]
 : [CLEAN][valid] [acc: 93.61% / loss: 0.296] - [w: per_channel_symmetric, a: per_layer_asymmetric / bits: 6]
 : [CLEAN][valid] [acc: 89.58% / loss: 0.501] - [w: per_channel_symmetric, a: per_layer_asymmetric / bits: 4]
 : [epoch:9][train] [loss: 0.012]
 : [epoch:Base][quantization parameter update] [loss: 0.007]
 : [epoch:9][valid] [acc: 93.59% / loss: 0.298]
 : [CLEAN][valid] [acc: 93.64% / loss: 0.296] - [w: per_channel_symmetric, a: per_layer_asymmetric / bits: 8]
 : [CLEAN][valid] [acc: 93.45% / loss: 0.307] - [w: per_channel_symmetric, a: per_layer_asymmetric / bits: 6]
 : [CLEAN][valid] [acc: 89.77% / loss: 0.493] - [w: per_channel_symmetric, a: per_layer_asymmetric / bits: 4]
 : [epoch:10][train] [loss: 0.011]
 : [epoch:Base][quantization parameter update] [loss: 0.006]
 : [epoch:10][valid] [acc: 93.93% / loss: 0.291]
 : [CLEAN][valid] [acc: 93.92% / loss: 0.289] - [w: per_channel_symmetric, a: per_layer_asymmetric / bits: 8]
 : [CLEAN][valid] [acc: 93.68% / loss: 0.296] - [w: per_channel_symmetric, a: per_layer_asymmetric / bits: 6]
 : [CLEAN][valid] [acc: 89.51% / loss: 0.501] - [w: per_channel_symmetric, a: per_layer_asymmetric / bits: 4]
------------------- Attack on QAT ---------------------
 : [epoch:Post-QAT][valid] [acc: 21.73% / loss: 8.694]
 : [CLEAN][valid] [acc: 93.92% / loss: 0.289] - [w: per_channel_symmetric, a: per_layer_asymmetric / bits: 8]
 : [FP-ADV][valid] [acc: 18.23% / loss: 9.553] - [w: per_channel_symmetric, a: per_layer_asymmetric / bits: 8]
 : [QUANT-ADV][valid] [acc: 19.00% / loss: 9.111] - [w: per_channel_symmetric, a: per_layer_asymmetric / bits: 8]
 : [CLEAN][valid] [acc: 93.68% / loss: 0.296] - [w: per_channel_symmetric, a: per_layer_asymmetric / bits: 6]
 : [FP-ADV][valid] [acc: 24.27% / loss: 7.825] - [w: per_channel_symmetric, a: per_layer_asymmetric / bits: 6]
 : [QUANT-ADV][valid] [acc: 21.96% / loss: 8.302] - [w: per_channel_symmetric, a: per_layer_asymmetric / bits: 6]
 : [CLEAN][valid] [acc: 89.51% / loss: 0.501] - [w: per_channel_symmetric, a: per_layer_asymmetric / bits: 4]
 : [FP-ADV][valid] [acc: 43.97% / loss: 4.431] - [w: per_channel_symmetric, a: per_layer_asymmetric / bits: 4]
 : [QUANT-ADV][valid] [acc: 23.19% / loss: 7.958] - [w: per_channel_symmetric, a: per_layer_asymmetric / bits: 4]
 : done.
