
Job information
#-------------------------------------------------------------------
SLURM_SUBMIT_HOST    gl-login2.arc-ts.umich.edu
SLURM_JOB_ACCOUNT    eecs598w23_class
SLURM_JOB_PARTITION  gpu
SLURM_JOB_NAME       AdvPTQ
SLURM_JOBID          50890222
SLURM_NODELIST       gl1005
SLURM_JOB_NUM_NODES  1
SLURM_NTASKS         
SLURM_TASKS_PER_NODE 1
SLURM_CPUS_PER_TASK  8
SLURM_NPROCS         
SLURM_MEM_PER_CPU    
GPU_DEVICE_ORDINAL   0
GPU 0: Tesla V100-PCIE-16GB (UUID: GPU-97af8e09-fc3f-ca96-de85-06c019d30639)
SLURM_SUBMIT_DIR     /home/zhtianyu/AdversarialPTQ

scheduling priority             (-e) 0
pending signals                 (-i) 766930
max memory size         (kbytes, -m) 16777216
open files                      (-n) 131072
pipe size            (512 bytes, -p) 8
POSIX message queues     (bytes, -q) 819200
real-time priority              (-r) 0
max user processes              (-u) 766930

Running on gl1005.arc-ts.umich.edu at Sat Apr  8 17:11:34 EDT 2023

Currently Loaded Modules:
  1) python3.9-anaconda/2021.11   2) cuda/11.3.0

Your job output begins below the line
#-------------------------------------------------------------------
python eecs598_qat.py     --seed 225     --dataset cifar10     --datnorm     --network ResNet18     --trained=/gpfs/accounts/eecs598w23_class_root/eecs598w23_class/shared_data/zhtianyu/models/cifar10/train/ResNet18_norm_128_200_Adam-Multi.pth     --classes 10     --batch-size 128     --epoch 10     --optimizer Adam     --lr 0.0001     --momentum 0.9     --numbit 4     --w-qmode per_channel_symmetric     --a-qmode per_layer_asymmetric     --lratio 0.25     --margin 5.0     --step 50     --gamma 0.1 \ 
    --numrun 1 \ 
    --att-type PGD     --att-tar untar     --att-step-size 0.05     --att-num-steps 10     --att-epsilon 0.031
{
  "system": {
    "seed": 225,
    "cuda": true,
    "num-workers": 4,
    "pin-memory": true
  },
  "model": {
    "dataset": "cifar10",
    "datnorm": true,
    "network": "ResNet18",
    "trained": "/gpfs/accounts/eecs598w23_class_root/eecs598w23_class/shared_data/zhtianyu/models/cifar10/train/ResNet18_norm_128_200_Adam-Multi.pth",
    "lossfunc": "cross-entropy",
    "optimizer": "Adam",
    "classes": 10,
    "w-qmode": "per_channel_symmetric",
    "a-qmode": "per_layer_asymmetric"
  },
  "params": {
    "batch-size": 128,
    "epoch": 10,
    "lr": 0.0001,
    "momentum": 0.9,
    "step": 50,
    "gamma": 0.1
  },
  "attack": {
    "numbit": 4,
    "lratio": 0.25,
    "margin": 5.0,
    "numrun": 1
  },
  "adv_attack": {
    "type": "PGD",
    "tar": "untar",
    "kwargs": {
      "step_size": 0.05,
      "num_steps": 10,
      "epsilon": 0.031
    }
  },
  "qat": true
}
Files already downloaded and verified
Files already downloaded and verified
 : load the dataset - cifar10 (norm: True)
 : load network - ResNet18
 : load loss - cross-entropy / optim - Adam
 : set the store locations
  - model : models/cifar10/eecs598_qat/ResNet18_norm_128_200_Adam-Multi
  - result: results/cifar10/eecs598_qat/ResNet18_norm_128_200_Adam-Multi
 : store logs to [results/cifar10/eecs598_qat/ResNet18_norm_128_200_Adam-Multi/attack_4_0.25_5.0_wpcs_apla-optimize_10_Adam_0.0001.1.csv]
 : [epoch:Base][quantization parameter update] [loss: 0.182]
------------------- Evaluate on PTQ ---------------------
 : [epoch:PTQ][valid] [acc: 21.45% / loss: 6.774]
 : [CLEAN][valid] [acc: 93.45% / loss: 0.253] - [w: per_channel_symmetric, a: per_layer_asymmetric / bits: 8]
 : [FP-ADV][valid] [acc: 17.66% / loss: 7.475] - [w: per_channel_symmetric, a: per_layer_asymmetric / bits: 8]
 : [QUANT-ADV][valid] [acc: 18.67% / loss: 7.105] - [w: per_channel_symmetric, a: per_layer_asymmetric / bits: 8]
 : [CLEAN][valid] [acc: 93.39% / loss: 0.264] - [w: per_channel_symmetric, a: per_layer_asymmetric / bits: 6]
 : [FP-ADV][valid] [acc: 23.78% / loss: 6.119] - [w: per_channel_symmetric, a: per_layer_asymmetric / bits: 6]
 : [QUANT-ADV][valid] [acc: 21.58% / loss: 6.519] - [w: per_channel_symmetric, a: per_layer_asymmetric / bits: 6]
 : [CLEAN][valid] [acc: 89.07% / loss: 0.449] - [w: per_channel_symmetric, a: per_layer_asymmetric / bits: 4]
 : [FP-ADV][valid] [acc: 44.51% / loss: 3.519] - [w: per_channel_symmetric, a: per_layer_asymmetric / bits: 4]
 : [QUANT-ADV][valid] [acc: 22.58% / loss: 6.307] - [w: per_channel_symmetric, a: per_layer_asymmetric / bits: 4]
------------------- QAT ---------------------
 : [epoch:1][train] [loss: 0.087]
 : [epoch:Base][quantization parameter update] [loss: 0.063]
 : [epoch:1][valid] [acc: 91.83% / loss: 0.316]
 : [CLEAN][valid] [acc: 91.85% / loss: 0.314] - [w: per_channel_symmetric, a: per_layer_asymmetric / bits: 8]
 : [CLEAN][valid] [acc: 92.03% / loss: 0.310] - [w: per_channel_symmetric, a: per_layer_asymmetric / bits: 6]
 : [CLEAN][valid] [acc: 91.84% / loss: 0.323] - [w: per_channel_symmetric, a: per_layer_asymmetric / bits: 4]
 : [epoch:2][train] [loss: 0.071]
 : [epoch:Base][quantization parameter update] [loss: 0.053]
 : [epoch:2][valid] [acc: 92.35% / loss: 0.302]
 : [CLEAN][valid] [acc: 92.39% / loss: 0.301] - [w: per_channel_symmetric, a: per_layer_asymmetric / bits: 8]
 : [CLEAN][valid] [acc: 92.44% / loss: 0.297] - [w: per_channel_symmetric, a: per_layer_asymmetric / bits: 6]
 : [CLEAN][valid] [acc: 92.00% / loss: 0.316] - [w: per_channel_symmetric, a: per_layer_asymmetric / bits: 4]
 : [epoch:3][train] [loss: 0.062]
 : [epoch:Base][quantization parameter update] [loss: 0.047]
 : [epoch:3][valid] [acc: 92.27% / loss: 0.311]
 : [CLEAN][valid] [acc: 92.30% / loss: 0.310] - [w: per_channel_symmetric, a: per_layer_asymmetric / bits: 8]
 : [CLEAN][valid] [acc: 92.42% / loss: 0.311] - [w: per_channel_symmetric, a: per_layer_asymmetric / bits: 6]
 : [CLEAN][valid] [acc: 92.34% / loss: 0.303] - [w: per_channel_symmetric, a: per_layer_asymmetric / bits: 4]
 : [epoch:4][train] [loss: 0.054]
 : [epoch:Base][quantization parameter update] [loss: 0.041]
 : [epoch:4][valid] [acc: 92.89% / loss: 0.299]
 : [CLEAN][valid] [acc: 92.95% / loss: 0.296] - [w: per_channel_symmetric, a: per_layer_asymmetric / bits: 8]
 : [CLEAN][valid] [acc: 93.04% / loss: 0.294] - [w: per_channel_symmetric, a: per_layer_asymmetric / bits: 6]
 : [CLEAN][valid] [acc: 92.56% / loss: 0.311] - [w: per_channel_symmetric, a: per_layer_asymmetric / bits: 4]
 : [epoch:5][train] [loss: 0.050]
 : [epoch:Base][quantization parameter update] [loss: 0.038]
 : [epoch:5][valid] [acc: 92.90% / loss: 0.295]
 : [CLEAN][valid] [acc: 92.88% / loss: 0.295] - [w: per_channel_symmetric, a: per_layer_asymmetric / bits: 8]
 : [CLEAN][valid] [acc: 92.98% / loss: 0.290] - [w: per_channel_symmetric, a: per_layer_asymmetric / bits: 6]
 : [CLEAN][valid] [acc: 92.35% / loss: 0.310] - [w: per_channel_symmetric, a: per_layer_asymmetric / bits: 4]
 : [epoch:6][train] [loss: 0.046]
 : [epoch:Base][quantization parameter update] [loss: 0.035]
 : [epoch:6][valid] [acc: 92.71% / loss: 0.299]
 : [CLEAN][valid] [acc: 92.68% / loss: 0.300] - [w: per_channel_symmetric, a: per_layer_asymmetric / bits: 8]
 : [CLEAN][valid] [acc: 92.82% / loss: 0.297] - [w: per_channel_symmetric, a: per_layer_asymmetric / bits: 6]
 : [CLEAN][valid] [acc: 92.52% / loss: 0.304] - [w: per_channel_symmetric, a: per_layer_asymmetric / bits: 4]
 : [epoch:7][train] [loss: 0.044]
 : [epoch:Base][quantization parameter update] [loss: 0.032]
 : [epoch:7][valid] [acc: 92.94% / loss: 0.290]
 : [CLEAN][valid] [acc: 92.85% / loss: 0.290] - [w: per_channel_symmetric, a: per_layer_asymmetric / bits: 8]
 : [CLEAN][valid] [acc: 93.03% / loss: 0.285] - [w: per_channel_symmetric, a: per_layer_asymmetric / bits: 6]
 : [CLEAN][valid] [acc: 92.53% / loss: 0.308] - [w: per_channel_symmetric, a: per_layer_asymmetric / bits: 4]
 : [epoch:8][train] [loss: 0.041]
 : [epoch:Base][quantization parameter update] [loss: 0.030]
 : [epoch:8][valid] [acc: 92.59% / loss: 0.308]
 : [CLEAN][valid] [acc: 92.56% / loss: 0.306] - [w: per_channel_symmetric, a: per_layer_asymmetric / bits: 8]
 : [CLEAN][valid] [acc: 92.55% / loss: 0.302] - [w: per_channel_symmetric, a: per_layer_asymmetric / bits: 6]
 : [CLEAN][valid] [acc: 92.53% / loss: 0.310] - [w: per_channel_symmetric, a: per_layer_asymmetric / bits: 4]
 : [epoch:9][train] [loss: 0.038]
 : [epoch:Base][quantization parameter update] [loss: 0.029]
 : [epoch:9][valid] [acc: 92.97% / loss: 0.302]
 : [CLEAN][valid] [acc: 92.87% / loss: 0.303] - [w: per_channel_symmetric, a: per_layer_asymmetric / bits: 8]
 : [CLEAN][valid] [acc: 92.88% / loss: 0.300] - [w: per_channel_symmetric, a: per_layer_asymmetric / bits: 6]
 : [CLEAN][valid] [acc: 92.47% / loss: 0.316] - [w: per_channel_symmetric, a: per_layer_asymmetric / bits: 4]
 : [epoch:10][train] [loss: 0.034]
 : [epoch:Base][quantization parameter update] [loss: 0.027]
 : [epoch:10][valid] [acc: 92.78% / loss: 0.301]
 : [CLEAN][valid] [acc: 92.72% / loss: 0.299] - [w: per_channel_symmetric, a: per_layer_asymmetric / bits: 8]
 : [CLEAN][valid] [acc: 92.75% / loss: 0.300] - [w: per_channel_symmetric, a: per_layer_asymmetric / bits: 6]
 : [CLEAN][valid] [acc: 92.68% / loss: 0.314] - [w: per_channel_symmetric, a: per_layer_asymmetric / bits: 4]
------------------- Attack on QAT ---------------------
 : [epoch:Post-QAT][valid] [acc: 28.00% / loss: 6.774]
 : [CLEAN][valid] [acc: 92.72% / loss: 0.299] - [w: per_channel_symmetric, a: per_layer_asymmetric / bits: 8]
 : [FP-ADV][valid] [acc: 24.46% / loss: 7.352] - [w: per_channel_symmetric, a: per_layer_asymmetric / bits: 8]
 : [QUANT-ADV][valid] [acc: 25.22% / loss: 7.074] - [w: per_channel_symmetric, a: per_layer_asymmetric / bits: 8]
 : [CLEAN][valid] [acc: 92.75% / loss: 0.300] - [w: per_channel_symmetric, a: per_layer_asymmetric / bits: 6]
 : [FP-ADV][valid] [acc: 30.78% / loss: 6.163] - [w: per_channel_symmetric, a: per_layer_asymmetric / bits: 6]
 : [QUANT-ADV][valid] [acc: 29.48% / loss: 6.372] - [w: per_channel_symmetric, a: per_layer_asymmetric / bits: 6]
 : [CLEAN][valid] [acc: 92.68% / loss: 0.314] - [w: per_channel_symmetric, a: per_layer_asymmetric / bits: 4]
 : [FP-ADV][valid] [acc: 51.33% / loss: 3.295] - [w: per_channel_symmetric, a: per_layer_asymmetric / bits: 4]
 : [QUANT-ADV][valid] [acc: 35.73% / loss: 5.250] - [w: per_channel_symmetric, a: per_layer_asymmetric / bits: 4]
 : done.
