
Job information
#-------------------------------------------------------------------
SLURM_SUBMIT_HOST    gl-login2.arc-ts.umich.edu
SLURM_JOB_ACCOUNT    eecs598w23_class
SLURM_JOB_PARTITION  gpu
SLURM_JOB_NAME       AdvPTQ
SLURM_JOBID          50889655
SLURM_NODELIST       gl1019
SLURM_JOB_NUM_NODES  1
SLURM_NTASKS         
SLURM_TASKS_PER_NODE 1
SLURM_CPUS_PER_TASK  8
SLURM_NPROCS         
SLURM_MEM_PER_CPU    
GPU_DEVICE_ORDINAL   0
GPU 0: Tesla V100-PCIE-16GB (UUID: GPU-f4698fa0-1906-d022-f5e7-c748dc68e37d)
SLURM_SUBMIT_DIR     /home/zhtianyu/AdversarialPTQ

scheduling priority             (-e) 0
pending signals                 (-i) 766930
max memory size         (kbytes, -m) 16777216
open files                      (-n) 131072
pipe size            (512 bytes, -p) 8
POSIX message queues     (bytes, -q) 819200
real-time priority              (-r) 0
max user processes              (-u) 766930

Running on gl1019.arc-ts.umich.edu at Sat Apr  8 15:59:38 EDT 2023

Currently Loaded Modules:
  1) python3.9-anaconda/2021.11   2) cuda/11.3.0

Your job output begins below the line
#-------------------------------------------------------------------
python eecs598_qat.py     --seed 225     --dataset cifar10     --datnorm     --network AlexNet     --trained=/gpfs/accounts/eecs598w23_class_root/eecs598w23_class/shared_data/zhtianyu/models/cifar10/train/AlexNet_norm_128_200_Adam-Multi.pth     --classes 10     --batch-size 128     --epoch 10     --optimizer Adam     --lr 0.00001     --momentum 0.9     --numbit 4     --w-qmode per_channel_symmetric     --a-qmode per_layer_asymmetric     --lratio 1.0     --margin 5.0     --step 50     --gamma 0.1 \ 
    --numrun 1 \ 
    --att-type PGD     --att-tar untar     --att-step-size 0.05     --att-num-steps 10     --att-epsilon 0.031
{
  "system": {
    "seed": 225,
    "cuda": true,
    "num-workers": 4,
    "pin-memory": true
  },
  "model": {
    "dataset": "cifar10",
    "datnorm": true,
    "network": "AlexNet",
    "trained": "/gpfs/accounts/eecs598w23_class_root/eecs598w23_class/shared_data/zhtianyu/models/cifar10/train/AlexNet_norm_128_200_Adam-Multi.pth",
    "lossfunc": "cross-entropy",
    "optimizer": "Adam",
    "classes": 10,
    "w-qmode": "per_channel_symmetric",
    "a-qmode": "per_layer_asymmetric"
  },
  "params": {
    "batch-size": 128,
    "epoch": 10,
    "lr": 1e-05,
    "momentum": 0.9,
    "step": 50,
    "gamma": 0.1
  },
  "attack": {
    "numbit": 4,
    "lratio": 1.0,
    "margin": 5.0,
    "numrun": 1
  },
  "adv_attack": {
    "type": "PGD",
    "tar": "untar",
    "kwargs": {
      "step_size": 0.05,
      "num_steps": 10,
      "epsilon": 0.031
    }
  },
  "qat": true
}
Files already downloaded and verified
Files already downloaded and verified
 : load the dataset - cifar10 (norm: True)
 : load network - AlexNet
 : load loss - cross-entropy / optim - Adam
 : set the store locations
  - model : models/cifar10/eecs598_qat/AlexNet_norm_128_200_Adam-Multi
  - result: results/cifar10/eecs598_qat/AlexNet_norm_128_200_Adam-Multi
 : store logs to [results/cifar10/eecs598_qat/AlexNet_norm_128_200_Adam-Multi/attack_4_1.0_5.0_wpcs_apla-optimize_10_Adam_1e-05.1.csv]
 : [epoch:Base][quantization parameter update] [loss: 0.458]
------------------- Evaluate on PTQ ---------------------
 : [epoch:PTQ][valid] [acc: 27.37% / loss: 4.169]
 : [CLEAN][valid] [acc: 82.96% / loss: 0.532] - [w: per_channel_symmetric, a: per_layer_asymmetric / bits: 8]
 : [FP-ADV][valid] [acc: 25.13% / loss: 4.016] - [w: per_channel_symmetric, a: per_layer_asymmetric / bits: 8]
 : [QUANT-ADV][valid] [acc: 24.67% / loss: 4.022] - [w: per_channel_symmetric, a: per_layer_asymmetric / bits: 8]
 : [CLEAN][valid] [acc: 82.81% / loss: 0.537] - [w: per_channel_symmetric, a: per_layer_asymmetric / bits: 6]
 : [FP-ADV][valid] [acc: 30.02% / loss: 3.511] - [w: per_channel_symmetric, a: per_layer_asymmetric / bits: 6]
 : [QUANT-ADV][valid] [acc: 27.52% / loss: 3.756] - [w: per_channel_symmetric, a: per_layer_asymmetric / bits: 6]
 : [CLEAN][valid] [acc: 78.81% / loss: 0.656] - [w: per_channel_symmetric, a: per_layer_asymmetric / bits: 4]
 : [FP-ADV][valid] [acc: 41.93% / loss: 2.380] - [w: per_channel_symmetric, a: per_layer_asymmetric / bits: 4]
 : [QUANT-ADV][valid] [acc: 24.60% / loss: 3.838] - [w: per_channel_symmetric, a: per_layer_asymmetric / bits: 4]
------------------- QAT ---------------------
 : [epoch:1][train] [loss: 0.440]
 : [epoch:Base][quantization parameter update] [loss: 0.395]
 : [epoch:1][valid] [acc: 82.21% / loss: 0.595]
 : [CLEAN][valid] [acc: 81.99% / loss: 0.575] - [w: per_channel_symmetric, a: per_layer_asymmetric / bits: 8]
 : [CLEAN][valid] [acc: 81.78% / loss: 0.584] - [w: per_channel_symmetric, a: per_layer_asymmetric / bits: 6]
 : [CLEAN][valid] [acc: 80.50% / loss: 0.612] - [w: per_channel_symmetric, a: per_layer_asymmetric / bits: 4]
 : [epoch:2][train] [loss: 0.421]
 : [epoch:Base][quantization parameter update] [loss: 0.389]
 : [epoch:2][valid] [acc: 81.85% / loss: 0.617]
 : [CLEAN][valid] [acc: 81.62% / loss: 0.592] - [w: per_channel_symmetric, a: per_layer_asymmetric / bits: 8]
 : [CLEAN][valid] [acc: 81.68% / loss: 0.593] - [w: per_channel_symmetric, a: per_layer_asymmetric / bits: 6]
 : [CLEAN][valid] [acc: 80.83% / loss: 0.617] - [w: per_channel_symmetric, a: per_layer_asymmetric / bits: 4]
 : [epoch:3][train] [loss: 0.411]
 : [epoch:Base][quantization parameter update] [loss: 0.377]
 : [epoch:3][valid] [acc: 81.52% / loss: 0.643]
 : [CLEAN][valid] [acc: 80.76% / loss: 0.638] - [w: per_channel_symmetric, a: per_layer_asymmetric / bits: 8]
 : [CLEAN][valid] [acc: 80.92% / loss: 0.640] - [w: per_channel_symmetric, a: per_layer_asymmetric / bits: 6]
 : [CLEAN][valid] [acc: 80.61% / loss: 0.622] - [w: per_channel_symmetric, a: per_layer_asymmetric / bits: 4]
 : [epoch:4][train] [loss: 0.410]
 : [epoch:Base][quantization parameter update] [loss: 0.377]
 : [epoch:4][valid] [acc: 81.69% / loss: 0.623]
 : [CLEAN][valid] [acc: 81.34% / loss: 0.611] - [w: per_channel_symmetric, a: per_layer_asymmetric / bits: 8]
 : [CLEAN][valid] [acc: 81.65% / loss: 0.606] - [w: per_channel_symmetric, a: per_layer_asymmetric / bits: 6]
 : [CLEAN][valid] [acc: 80.83% / loss: 0.618] - [w: per_channel_symmetric, a: per_layer_asymmetric / bits: 4]
 : [epoch:5][train] [loss: 0.405]
 : [epoch:Base][quantization parameter update] [loss: 0.376]
 : [epoch:5][valid] [acc: 81.75% / loss: 0.622]
 : [CLEAN][valid] [acc: 81.41% / loss: 0.600] - [w: per_channel_symmetric, a: per_layer_asymmetric / bits: 8]
 : [CLEAN][valid] [acc: 81.57% / loss: 0.598] - [w: per_channel_symmetric, a: per_layer_asymmetric / bits: 6]
 : [CLEAN][valid] [acc: 81.08% / loss: 0.613] - [w: per_channel_symmetric, a: per_layer_asymmetric / bits: 4]
 : [epoch:6][train] [loss: 0.403]
 : [epoch:Base][quantization parameter update] [loss: 0.363]
 : [epoch:6][valid] [acc: 81.57% / loss: 0.633]
 : [CLEAN][valid] [acc: 81.20% / loss: 0.622] - [w: per_channel_symmetric, a: per_layer_asymmetric / bits: 8]
 : [CLEAN][valid] [acc: 81.53% / loss: 0.618] - [w: per_channel_symmetric, a: per_layer_asymmetric / bits: 6]
 : [CLEAN][valid] [acc: 81.45% / loss: 0.621] - [w: per_channel_symmetric, a: per_layer_asymmetric / bits: 4]
 : [epoch:7][train] [loss: 0.399]
 : [epoch:Base][quantization parameter update] [loss: 0.374]
 : [epoch:7][valid] [acc: 81.57% / loss: 0.621]
 : [CLEAN][valid] [acc: 81.47% / loss: 0.600] - [w: per_channel_symmetric, a: per_layer_asymmetric / bits: 8]
 : [CLEAN][valid] [acc: 81.29% / loss: 0.600] - [w: per_channel_symmetric, a: per_layer_asymmetric / bits: 6]
 : [CLEAN][valid] [acc: 81.18% / loss: 0.601] - [w: per_channel_symmetric, a: per_layer_asymmetric / bits: 4]
 : [epoch:8][train] [loss: 0.402]
 : [epoch:Base][quantization parameter update] [loss: 0.365]
 : [epoch:8][valid] [acc: 81.72% / loss: 0.624]
 : [CLEAN][valid] [acc: 81.40% / loss: 0.603] - [w: per_channel_symmetric, a: per_layer_asymmetric / bits: 8]
 : [CLEAN][valid] [acc: 81.60% / loss: 0.602] - [w: per_channel_symmetric, a: per_layer_asymmetric / bits: 6]
 : [CLEAN][valid] [acc: 81.25% / loss: 0.599] - [w: per_channel_symmetric, a: per_layer_asymmetric / bits: 4]
 : [epoch:9][train] [loss: 0.395]
 : [epoch:Base][quantization parameter update] [loss: 0.373]
 : [epoch:9][valid] [acc: 81.59% / loss: 0.631]
 : [CLEAN][valid] [acc: 81.45% / loss: 0.614] - [w: per_channel_symmetric, a: per_layer_asymmetric / bits: 8]
 : [CLEAN][valid] [acc: 81.57% / loss: 0.610] - [w: per_channel_symmetric, a: per_layer_asymmetric / bits: 6]
 : [CLEAN][valid] [acc: 81.13% / loss: 0.613] - [w: per_channel_symmetric, a: per_layer_asymmetric / bits: 4]
 : [epoch:10][train] [loss: 0.392]
 : [epoch:Base][quantization parameter update] [loss: 0.365]
 : [epoch:10][valid] [acc: 81.60% / loss: 0.626]
 : [CLEAN][valid] [acc: 81.29% / loss: 0.605] - [w: per_channel_symmetric, a: per_layer_asymmetric / bits: 8]
 : [CLEAN][valid] [acc: 81.45% / loss: 0.605] - [w: per_channel_symmetric, a: per_layer_asymmetric / bits: 6]
 : [CLEAN][valid] [acc: 81.13% / loss: 0.598] - [w: per_channel_symmetric, a: per_layer_asymmetric / bits: 4]
------------------- Attack on QAT ---------------------
 : [epoch:Post-QAT][valid] [acc: 27.28% / loss: 4.748]
 : [CLEAN][valid] [acc: 81.29% / loss: 0.605] - [w: per_channel_symmetric, a: per_layer_asymmetric / bits: 8]
 : [FP-ADV][valid] [acc: 25.08% / loss: 4.371] - [w: per_channel_symmetric, a: per_layer_asymmetric / bits: 8]
 : [QUANT-ADV][valid] [acc: 24.57% / loss: 4.392] - [w: per_channel_symmetric, a: per_layer_asymmetric / bits: 8]
 : [CLEAN][valid] [acc: 81.45% / loss: 0.605] - [w: per_channel_symmetric, a: per_layer_asymmetric / bits: 6]
 : [FP-ADV][valid] [acc: 29.42% / loss: 3.837] - [w: per_channel_symmetric, a: per_layer_asymmetric / bits: 6]
 : [QUANT-ADV][valid] [acc: 26.85% / loss: 4.134] - [w: per_channel_symmetric, a: per_layer_asymmetric / bits: 6]
 : [CLEAN][valid] [acc: 81.13% / loss: 0.598] - [w: per_channel_symmetric, a: per_layer_asymmetric / bits: 4]
 : [FP-ADV][valid] [acc: 45.44% / loss: 2.394] - [w: per_channel_symmetric, a: per_layer_asymmetric / bits: 4]
 : [QUANT-ADV][valid] [acc: 28.59% / loss: 3.729] - [w: per_channel_symmetric, a: per_layer_asymmetric / bits: 4]
 : done.
